<?xml version="1.0" encoding="UTF-8" ?>
<testsuite failures="0" time="0.045" errors="0" skipped="0" tests="1" name="com.hypejet.dbpediaproject.AppTest">
  <properties>
    <property name="java.runtime.name" value="Java(TM) SE Runtime Environment"/>
    <property name="sun.boot.library.path" value="/System/Library/Java/JavaVirtualMachines/1.6.0.jdk/Contents/Libraries"/>
    <property name="java.vm.version" value="20.4-b02-402"/>
    <property name="awt.nativeDoubleBuffering" value="true"/>
    <property name="gopherProxySet" value="false"/>
    <property name="mrj.build" value="11M3527"/>
    <property name="java.vm.vendor" value="Apple Inc."/>
    <property name="java.vendor.url" value="http://www.apple.com/"/>
    <property name="path.separator" value=":"/>
    <property name="java.vm.name" value="Java HotSpot(TM) 64-Bit Server VM"/>
    <property name="file.encoding.pkg" value="sun.io"/>
    <property name="user.country" value="US"/>
    <property name="sun.java.launcher" value="SUN_STANDARD"/>
    <property name="sun.os.patch.level" value="unknown"/>
    <property name="java.vm.specification.name" value="Java Virtual Machine Specification"/>
    <property name="user.dir" value="/Users/rogueleaderr/Programming/Java/projects/dbpediaproject"/>
    <property name="java.runtime.version" value="1.6.0_29-b11-402-11M3527"/>
    <property name="java.awt.graphicsenv" value="apple.awt.CGraphicsEnvironment"/>
    <property name="basedir" value="/Users/rogueleaderr/Programming/Java/projects/dbpediaproject"/>
    <property name="java.endorsed.dirs" value="/System/Library/Java/JavaVirtualMachines/1.6.0.jdk/Contents/Home/lib/endorsed"/>
    <property name="os.arch" value="x86_64"/>
    <property name="surefire.real.class.path" value="/Users/rogueleaderr/Programming/Java/projects/dbpediaproject/target/surefire/surefirebooter9003684359290203274.jar"/>
    <property name="java.io.tmpdir" value="/var/folders/mn/06_rf9b11n9d7crzb5266bww0000gp/T/"/>
    <property name="line.separator" value="
"/>
    <property name="java.vm.specification.vendor" value="Sun Microsystems Inc."/>
    <property name="os.name" value="Mac OS X"/>
    <property name="sun.jnu.encoding" value="MacRoman"/>
    <property name="java.library.path" value=".:/Library/Java/Extensions:/System/Library/Java/Extensions:/usr/lib/java"/>
    <property name="surefire.test.class.path" value="/Users/rogueleaderr/Programming/Java/projects/dbpediaproject/target/test-classes:/Users/rogueleaderr/Programming/Java/projects/dbpediaproject/target/classes:/Users/rogueleaderr/.m2/repository/com/tinkerpop/gremlin/gremlin-java/1.5-SNAPSHOT/gremlin-java-1.5-SNAPSHOT.jar:/Users/rogueleaderr/.m2/repository/com/tinkerpop/pipes/0.9/pipes-0.9.jar:/Users/rogueleaderr/.m2/repository/junit/junit/3.8.1/junit-3.8.1.jar:/Users/rogueleaderr/.m2/repository/org/openrdf/sesame/sesame-rio-ntriples/2.6.2/sesame-rio-ntriples-2.6.2.jar:/Users/rogueleaderr/.m2/repository/org/openrdf/sesame/sesame-model/2.6.2/sesame-model-2.6.2.jar:/Users/rogueleaderr/.m2/repository/org/openrdf/sesame/sesame-rio-api/2.6.2/sesame-rio-api-2.6.2.jar:/Users/rogueleaderr/.m2/repository/org/openrdf/sesame/sesame-repository-api/2.6.2/sesame-repository-api-2.6.2.jar:/Users/rogueleaderr/.m2/repository/org/openrdf/sesame/sesame-query/2.6.2/sesame-query-2.6.2.jar:/Users/rogueleaderr/.m2/repository/org/openrdf/sesame/sesame-util/2.6.2/sesame-util-2.6.2.jar:/Users/rogueleaderr/.m2/repository/org/openrdf/sesame/sesame-repository-sail/2.6.2/sesame-repository-sail-2.6.2.jar:/Users/rogueleaderr/.m2/repository/org/openrdf/sesame/sesame-sail-api/2.6.2/sesame-sail-api-2.6.2.jar:/Users/rogueleaderr/.m2/repository/org/openrdf/sesame/sesame-queryparser-api/2.6.2/sesame-queryparser-api-2.6.2.jar:/Users/rogueleaderr/.m2/repository/org/openrdf/sesame/sesame-queryalgebra-model/2.6.2/sesame-queryalgebra-model-2.6.2.jar:/Users/rogueleaderr/.m2/repository/org/slf4j/slf4j-api/1.5.6/slf4j-api-1.5.6.jar:/Users/rogueleaderr/.m2/repository/org/slf4j/slf4j-jdk14/1.5.6/slf4j-jdk14-1.5.6.jar:/Users/rogueleaderr/.m2/repository/org/slf4j/jcl-over-slf4j/1.5.6/jcl-over-slf4j-1.5.6.jar:/Users/rogueleaderr/.m2/repository/org/openrdf/sesame/sesame-queryparser-sparql/2.6.2/sesame-queryparser-sparql-2.6.2.jar:/Users/rogueleaderr/.m2/repository/org/eclipse/jetty/jetty-server/7.6.0.RC0/jetty-server-7.6.0.RC0.jar:/Users/rogueleaderr/.m2/repository/javax/servlet/servlet-api/2.5/servlet-api-2.5.jar:/Users/rogueleaderr/.m2/repository/org/eclipse/jetty/jetty-continuation/7.6.0.RC0/jetty-continuation-7.6.0.RC0.jar:/Users/rogueleaderr/.m2/repository/org/eclipse/jetty/jetty-http/7.6.0.RC0/jetty-http-7.6.0.RC0.jar:/Users/rogueleaderr/.m2/repository/org/eclipse/jetty/jetty-servlet/7.6.0.RC0/jetty-servlet-7.6.0.RC0.jar:/Users/rogueleaderr/.m2/repository/org/eclipse/jetty/jetty-security/7.6.0.RC0/jetty-security-7.6.0.RC0.jar:/Users/rogueleaderr/.m2/repository/org/eclipse/jetty/jetty-websocket/7.6.0.RC0/jetty-websocket-7.6.0.RC0.jar:/Users/rogueleaderr/.m2/repository/org/eclipse/jetty/jetty-util/7.6.0.RC0/jetty-util-7.6.0.RC0.jar:/Users/rogueleaderr/.m2/repository/org/eclipse/jetty/jetty-io/7.6.0.RC0/jetty-io-7.6.0.RC0.jar:/Users/rogueleaderr/.m2/repository/org/neo4j/neo4j/1.6.M02/neo4j-1.6.M02.jar:/Users/rogueleaderr/.m2/repository/org/neo4j/neo4j-kernel/1.6.M02/neo4j-kernel-1.6.M02.jar:/Users/rogueleaderr/.m2/repository/org/apache/geronimo/specs/geronimo-jta_1.1_spec/1.1.1/geronimo-jta_1.1_spec-1.1.1.jar:/Users/rogueleaderr/.m2/repository/org/neo4j/neo4j-lucene-index/1.6.M02/neo4j-lucene-index-1.6.M02.jar:/Users/rogueleaderr/.m2/repository/org/apache/lucene/lucene-core/3.1.0/lucene-core-3.1.0.jar:/Users/rogueleaderr/.m2/repository/org/neo4j/neo4j-graph-algo/1.6.M02/neo4j-graph-algo-1.6.M02.jar:/Users/rogueleaderr/.m2/repository/org/neo4j/neo4j-udc/1.6.M02/neo4j-udc-1.6.M02.jar:/Users/rogueleaderr/.m2/repository/org/neo4j/neo4j-graph-matching/1.6.M02/neo4j-graph-matching-1.6.M02.jar:/Users/rogueleaderr/.m2/repository/org/neo4j/neo4j-cypher/1.6.M02/neo4j-cypher-1.6.M02.jar:/Users/rogueleaderr/.m2/repository/org/scala-lang/scala-library/2.9.0-1/scala-library-2.9.0-1.jar:/Users/rogueleaderr/.m2/repository/org/neo4j/neo4j-jmx/1.6.M02/neo4j-jmx-1.6.M02.jar:/Users/rogueleaderr/.m2/repository/commons-lang/commons-lang/2.5/commons-lang-2.5.jar:/Users/rogueleaderr/.m2/repository/com/tinkerpop/blueprints/blueprints-neo4j-graph/1.1/blueprints-neo4j-graph-1.1.jar:/Users/rogueleaderr/.m2/repository/org/neo4j/neo4j-ha/1.5/neo4j-ha-1.5.jar:/Users/rogueleaderr/.m2/repository/org/neo4j/neo4j-backup/1.5/neo4j-backup-1.5.jar:/Users/rogueleaderr/.m2/repository/org/apache/zookeeper/zookeeper/3.3.2/zookeeper-3.3.2.jar:/Users/rogueleaderr/.m2/repository/org/neo4j/neo4j-com/1.5/neo4j-com-1.5.jar:/Users/rogueleaderr/.m2/repository/org/apache/servicemix/bundles/org.apache.servicemix.bundles.netty/3.2.5.Final_1/org.apache.servicemix.bundles.netty-3.2.5.Final_1.jar:/Users/rogueleaderr/.m2/repository/log4j/log4j/1.2.16/log4j-1.2.16.jar:/Users/rogueleaderr/.m2/repository/org/neo4j/neo4j-management/1.5/neo4j-management-1.5.jar:/Users/rogueleaderr/.m2/repository/com/tinkerpop/blueprints/blueprints-graph-sail/1.1/blueprints-graph-sail-1.1.jar:/Users/rogueleaderr/.m2/repository/net/fortytwo/sesametools/common/1.4/common-1.4.jar:/Users/rogueleaderr/.m2/repository/org/openrdf/sesame/sesame-sail-inferencer/2.6.0/sesame-sail-inferencer-2.6.0.jar:/Users/rogueleaderr/.m2/repository/org/openrdf/sesame/sesame-queryparser-serql/2.6.0/sesame-queryparser-serql-2.6.0.jar:/Users/rogueleaderr/.m2/repository/info/aduna/commons/aduna-commons-iteration/2.10.0/aduna-commons-iteration-2.10.0.jar:/Users/rogueleaderr/.m2/repository/info/aduna/commons/aduna-commons-text/2.7.0/aduna-commons-text-2.7.0.jar:/Users/rogueleaderr/.m2/repository/org/openrdf/sesame/sesame-queryalgebra-evaluation/2.6.0/sesame-queryalgebra-evaluation-2.6.0.jar:/Users/rogueleaderr/.m2/repository/org/openrdf/sesame/sesame-repository-sparql/2.6.0/sesame-repository-sparql-2.6.0.jar:/Users/rogueleaderr/.m2/repository/org/openrdf/sesame/sesame-http-client/2.6.0/sesame-http-client-2.6.0.jar:/Users/rogueleaderr/.m2/repository/org/openrdf/sesame/sesame-http-protocol/2.6.0/sesame-http-protocol-2.6.0.jar:/Users/rogueleaderr/.m2/repository/org/openrdf/sesame/sesame-queryresultio-api/2.6.0/sesame-queryresultio-api-2.6.0.jar:/Users/rogueleaderr/.m2/repository/info/aduna/commons/aduna-commons-net/2.7.0/aduna-commons-net-2.7.0.jar:/Users/rogueleaderr/.m2/repository/commons-codec/commons-codec/1.4/commons-codec-1.4.jar:/Users/rogueleaderr/.m2/repository/org/openrdf/sesame/sesame-queryresultio-sparqlxml/2.6.0/sesame-queryresultio-sparqlxml-2.6.0.jar:/Users/rogueleaderr/.m2/repository/info/aduna/commons/aduna-commons-xml/2.7.0/aduna-commons-xml-2.7.0.jar:/Users/rogueleaderr/.m2/repository/info/aduna/commons/aduna-commons-collections/2.8.0/aduna-commons-collections-2.8.0.jar:/Users/rogueleaderr/.m2/repository/info/aduna/commons/aduna-commons-lang/2.9.0/aduna-commons-lang-2.9.0.jar:/Users/rogueleaderr/.m2/repository/com/tinkerpop/blueprints/blueprints-sail-graph/1.1/blueprints-sail-graph-1.1.jar:/Users/rogueleaderr/.m2/repository/org/slf4j/slf4j-log4j12/1.5.6/slf4j-log4j12-1.5.6.jar:/Users/rogueleaderr/.m2/repository/org/openrdf/sesame/sesame-sail-memory/2.6.0/sesame-sail-memory-2.6.0.jar:/Users/rogueleaderr/.m2/repository/info/aduna/commons/aduna-commons-concurrent/2.7.0/aduna-commons-concurrent-2.7.0.jar:/Users/rogueleaderr/.m2/repository/info/aduna/commons/aduna-commons-io/2.10.0/aduna-commons-io-2.10.0.jar:/Users/rogueleaderr/.m2/repository/org/openrdf/sesame/sesame-sail-nativerdf/2.6.0/sesame-sail-nativerdf-2.6.0.jar:/Users/rogueleaderr/.m2/repository/net/fortytwo/linked-data-sail/0.7/linked-data-sail-0.7.jar:/Users/rogueleaderr/.m2/repository/net/fortytwo/ripple/ripple-rdf/0.7/ripple-rdf-0.7.jar:/Users/rogueleaderr/.m2/repository/net/fortytwo/ripple/ripple-base/0.7/ripple-base-0.7.jar:/Users/rogueleaderr/.m2/repository/net/fortytwo/rdfflow/0.7/rdfflow-0.7.jar:/Users/rogueleaderr/.m2/repository/net/fortytwo/flow/0.7/flow-0.7.jar:/Users/rogueleaderr/.m2/repository/org/openrdf/sesame/sesame-rio-n3/2.4.2/sesame-rio-n3-2.4.2.jar:/Users/rogueleaderr/.m2/repository/org/openrdf/sesame/sesame-rio-rdfxml/2.4.2/sesame-rio-rdfxml-2.4.2.jar:/Users/rogueleaderr/.m2/repository/org/openrdf/sesame/sesame-rio-trig/2.4.2/sesame-rio-trig-2.4.2.jar:/Users/rogueleaderr/.m2/repository/org/openrdf/sesame/sesame-rio-trix/2.4.2/sesame-rio-trix-2.4.2.jar:/Users/rogueleaderr/.m2/repository/org/openrdf/sesame/sesame-rio-turtle/2.4.2/sesame-rio-turtle-2.4.2.jar:/Users/rogueleaderr/.m2/repository/commons-httpclient/commons-httpclient/3.1/commons-httpclient-3.1.jar:/Users/rogueleaderr/.m2/repository/commons-logging/commons-logging/1.0.4/commons-logging-1.0.4.jar:/Users/rogueleaderr/.m2/repository/org/restlet/org.restlet/1.0.5/org.restlet-1.0.5.jar:/Users/rogueleaderr/.m2/repository/net/fortytwo/sesametools/nquads/1.6/nquads-1.6.jar:/Users/rogueleaderr/.m2/repository/net/fortytwo/sesametools/reposail/1.6/reposail-1.6.jar:/Users/rogueleaderr/.m2/repository/com/tinkerpop/blueprints/blueprints-neo4jbatch-graph/1.1/blueprints-neo4jbatch-graph-1.1.jar:/Users/rogueleaderr/.m2/repository/com/tinkerpop/blueprints/blueprints-core/1.1/blueprints-core-1.1.jar:/Users/rogueleaderr/.m2/repository/org/codehaus/jettison/jettison/1.3/jettison-1.3.jar:/Users/rogueleaderr/.m2/repository/stax/stax-api/1.0.1/stax-api-1.0.1.jar:/Users/rogueleaderr/.m2/repository/org/codehaus/jackson/jackson-jaxrs/1.8.5/jackson-jaxrs-1.8.5.jar:/Users/rogueleaderr/.m2/repository/org/codehaus/jackson/jackson-core-asl/1.8.5/jackson-core-asl-1.8.5.jar:/Users/rogueleaderr/.m2/repository/org/codehaus/jackson/jackson-mapper-asl/1.8.5/jackson-mapper-asl-1.8.5.jar:"/>
    <property name="java.specification.name" value="Java Platform API Specification"/>
    <property name="java.class.version" value="50.0"/>
    <property name="sun.management.compiler" value="HotSpot 64-Bit Tiered Compilers"/>
    <property name="os.version" value="10.7.2"/>
    <property name="http.nonProxyHosts" value="local|*.local|169.254/16|*.169.254/16"/>
    <property name="user.home" value="/Users/rogueleaderr"/>
    <property name="user.timezone" value=""/>
    <property name="java.awt.printerjob" value="apple.awt.CPrinterJob"/>
    <property name="java.specification.version" value="1.6"/>
    <property name="file.encoding" value="MacRoman"/>
    <property name="user.name" value="rogueleaderr"/>
    <property name="java.class.path" value="/Users/rogueleaderr/Programming/Java/projects/dbpediaproject/target/test-classes:/Users/rogueleaderr/Programming/Java/projects/dbpediaproject/target/classes:/Users/rogueleaderr/.m2/repository/com/tinkerpop/gremlin/gremlin-java/1.5-SNAPSHOT/gremlin-java-1.5-SNAPSHOT.jar:/Users/rogueleaderr/.m2/repository/com/tinkerpop/pipes/0.9/pipes-0.9.jar:/Users/rogueleaderr/.m2/repository/junit/junit/3.8.1/junit-3.8.1.jar:/Users/rogueleaderr/.m2/repository/org/openrdf/sesame/sesame-rio-ntriples/2.6.2/sesame-rio-ntriples-2.6.2.jar:/Users/rogueleaderr/.m2/repository/org/openrdf/sesame/sesame-model/2.6.2/sesame-model-2.6.2.jar:/Users/rogueleaderr/.m2/repository/org/openrdf/sesame/sesame-rio-api/2.6.2/sesame-rio-api-2.6.2.jar:/Users/rogueleaderr/.m2/repository/org/openrdf/sesame/sesame-repository-api/2.6.2/sesame-repository-api-2.6.2.jar:/Users/rogueleaderr/.m2/repository/org/openrdf/sesame/sesame-query/2.6.2/sesame-query-2.6.2.jar:/Users/rogueleaderr/.m2/repository/org/openrdf/sesame/sesame-util/2.6.2/sesame-util-2.6.2.jar:/Users/rogueleaderr/.m2/repository/org/openrdf/sesame/sesame-repository-sail/2.6.2/sesame-repository-sail-2.6.2.jar:/Users/rogueleaderr/.m2/repository/org/openrdf/sesame/sesame-sail-api/2.6.2/sesame-sail-api-2.6.2.jar:/Users/rogueleaderr/.m2/repository/org/openrdf/sesame/sesame-queryparser-api/2.6.2/sesame-queryparser-api-2.6.2.jar:/Users/rogueleaderr/.m2/repository/org/openrdf/sesame/sesame-queryalgebra-model/2.6.2/sesame-queryalgebra-model-2.6.2.jar:/Users/rogueleaderr/.m2/repository/org/slf4j/slf4j-api/1.5.6/slf4j-api-1.5.6.jar:/Users/rogueleaderr/.m2/repository/org/slf4j/slf4j-jdk14/1.5.6/slf4j-jdk14-1.5.6.jar:/Users/rogueleaderr/.m2/repository/org/slf4j/jcl-over-slf4j/1.5.6/jcl-over-slf4j-1.5.6.jar:/Users/rogueleaderr/.m2/repository/org/openrdf/sesame/sesame-queryparser-sparql/2.6.2/sesame-queryparser-sparql-2.6.2.jar:/Users/rogueleaderr/.m2/repository/org/eclipse/jetty/jetty-server/7.6.0.RC0/jetty-server-7.6.0.RC0.jar:/Users/rogueleaderr/.m2/repository/javax/servlet/servlet-api/2.5/servlet-api-2.5.jar:/Users/rogueleaderr/.m2/repository/org/eclipse/jetty/jetty-continuation/7.6.0.RC0/jetty-continuation-7.6.0.RC0.jar:/Users/rogueleaderr/.m2/repository/org/eclipse/jetty/jetty-http/7.6.0.RC0/jetty-http-7.6.0.RC0.jar:/Users/rogueleaderr/.m2/repository/org/eclipse/jetty/jetty-servlet/7.6.0.RC0/jetty-servlet-7.6.0.RC0.jar:/Users/rogueleaderr/.m2/repository/org/eclipse/jetty/jetty-security/7.6.0.RC0/jetty-security-7.6.0.RC0.jar:/Users/rogueleaderr/.m2/repository/org/eclipse/jetty/jetty-websocket/7.6.0.RC0/jetty-websocket-7.6.0.RC0.jar:/Users/rogueleaderr/.m2/repository/org/eclipse/jetty/jetty-util/7.6.0.RC0/jetty-util-7.6.0.RC0.jar:/Users/rogueleaderr/.m2/repository/org/eclipse/jetty/jetty-io/7.6.0.RC0/jetty-io-7.6.0.RC0.jar:/Users/rogueleaderr/.m2/repository/org/neo4j/neo4j/1.6.M02/neo4j-1.6.M02.jar:/Users/rogueleaderr/.m2/repository/org/neo4j/neo4j-kernel/1.6.M02/neo4j-kernel-1.6.M02.jar:/Users/rogueleaderr/.m2/repository/org/apache/geronimo/specs/geronimo-jta_1.1_spec/1.1.1/geronimo-jta_1.1_spec-1.1.1.jar:/Users/rogueleaderr/.m2/repository/org/neo4j/neo4j-lucene-index/1.6.M02/neo4j-lucene-index-1.6.M02.jar:/Users/rogueleaderr/.m2/repository/org/apache/lucene/lucene-core/3.1.0/lucene-core-3.1.0.jar:/Users/rogueleaderr/.m2/repository/org/neo4j/neo4j-graph-algo/1.6.M02/neo4j-graph-algo-1.6.M02.jar:/Users/rogueleaderr/.m2/repository/org/neo4j/neo4j-udc/1.6.M02/neo4j-udc-1.6.M02.jar:/Users/rogueleaderr/.m2/repository/org/neo4j/neo4j-graph-matching/1.6.M02/neo4j-graph-matching-1.6.M02.jar:/Users/rogueleaderr/.m2/repository/org/neo4j/neo4j-cypher/1.6.M02/neo4j-cypher-1.6.M02.jar:/Users/rogueleaderr/.m2/repository/org/scala-lang/scala-library/2.9.0-1/scala-library-2.9.0-1.jar:/Users/rogueleaderr/.m2/repository/org/neo4j/neo4j-jmx/1.6.M02/neo4j-jmx-1.6.M02.jar:/Users/rogueleaderr/.m2/repository/commons-lang/commons-lang/2.5/commons-lang-2.5.jar:/Users/rogueleaderr/.m2/repository/com/tinkerpop/blueprints/blueprints-neo4j-graph/1.1/blueprints-neo4j-graph-1.1.jar:/Users/rogueleaderr/.m2/repository/org/neo4j/neo4j-ha/1.5/neo4j-ha-1.5.jar:/Users/rogueleaderr/.m2/repository/org/neo4j/neo4j-backup/1.5/neo4j-backup-1.5.jar:/Users/rogueleaderr/.m2/repository/org/apache/zookeeper/zookeeper/3.3.2/zookeeper-3.3.2.jar:/Users/rogueleaderr/.m2/repository/org/neo4j/neo4j-com/1.5/neo4j-com-1.5.jar:/Users/rogueleaderr/.m2/repository/org/apache/servicemix/bundles/org.apache.servicemix.bundles.netty/3.2.5.Final_1/org.apache.servicemix.bundles.netty-3.2.5.Final_1.jar:/Users/rogueleaderr/.m2/repository/log4j/log4j/1.2.16/log4j-1.2.16.jar:/Users/rogueleaderr/.m2/repository/org/neo4j/neo4j-management/1.5/neo4j-management-1.5.jar:/Users/rogueleaderr/.m2/repository/com/tinkerpop/blueprints/blueprints-graph-sail/1.1/blueprints-graph-sail-1.1.jar:/Users/rogueleaderr/.m2/repository/net/fortytwo/sesametools/common/1.4/common-1.4.jar:/Users/rogueleaderr/.m2/repository/org/openrdf/sesame/sesame-sail-inferencer/2.6.0/sesame-sail-inferencer-2.6.0.jar:/Users/rogueleaderr/.m2/repository/org/openrdf/sesame/sesame-queryparser-serql/2.6.0/sesame-queryparser-serql-2.6.0.jar:/Users/rogueleaderr/.m2/repository/info/aduna/commons/aduna-commons-iteration/2.10.0/aduna-commons-iteration-2.10.0.jar:/Users/rogueleaderr/.m2/repository/info/aduna/commons/aduna-commons-text/2.7.0/aduna-commons-text-2.7.0.jar:/Users/rogueleaderr/.m2/repository/org/openrdf/sesame/sesame-queryalgebra-evaluation/2.6.0/sesame-queryalgebra-evaluation-2.6.0.jar:/Users/rogueleaderr/.m2/repository/org/openrdf/sesame/sesame-repository-sparql/2.6.0/sesame-repository-sparql-2.6.0.jar:/Users/rogueleaderr/.m2/repository/org/openrdf/sesame/sesame-http-client/2.6.0/sesame-http-client-2.6.0.jar:/Users/rogueleaderr/.m2/repository/org/openrdf/sesame/sesame-http-protocol/2.6.0/sesame-http-protocol-2.6.0.jar:/Users/rogueleaderr/.m2/repository/org/openrdf/sesame/sesame-queryresultio-api/2.6.0/sesame-queryresultio-api-2.6.0.jar:/Users/rogueleaderr/.m2/repository/info/aduna/commons/aduna-commons-net/2.7.0/aduna-commons-net-2.7.0.jar:/Users/rogueleaderr/.m2/repository/commons-codec/commons-codec/1.4/commons-codec-1.4.jar:/Users/rogueleaderr/.m2/repository/org/openrdf/sesame/sesame-queryresultio-sparqlxml/2.6.0/sesame-queryresultio-sparqlxml-2.6.0.jar:/Users/rogueleaderr/.m2/repository/info/aduna/commons/aduna-commons-xml/2.7.0/aduna-commons-xml-2.7.0.jar:/Users/rogueleaderr/.m2/repository/info/aduna/commons/aduna-commons-collections/2.8.0/aduna-commons-collections-2.8.0.jar:/Users/rogueleaderr/.m2/repository/info/aduna/commons/aduna-commons-lang/2.9.0/aduna-commons-lang-2.9.0.jar:/Users/rogueleaderr/.m2/repository/com/tinkerpop/blueprints/blueprints-sail-graph/1.1/blueprints-sail-graph-1.1.jar:/Users/rogueleaderr/.m2/repository/org/slf4j/slf4j-log4j12/1.5.6/slf4j-log4j12-1.5.6.jar:/Users/rogueleaderr/.m2/repository/org/openrdf/sesame/sesame-sail-memory/2.6.0/sesame-sail-memory-2.6.0.jar:/Users/rogueleaderr/.m2/repository/info/aduna/commons/aduna-commons-concurrent/2.7.0/aduna-commons-concurrent-2.7.0.jar:/Users/rogueleaderr/.m2/repository/info/aduna/commons/aduna-commons-io/2.10.0/aduna-commons-io-2.10.0.jar:/Users/rogueleaderr/.m2/repository/org/openrdf/sesame/sesame-sail-nativerdf/2.6.0/sesame-sail-nativerdf-2.6.0.jar:/Users/rogueleaderr/.m2/repository/net/fortytwo/linked-data-sail/0.7/linked-data-sail-0.7.jar:/Users/rogueleaderr/.m2/repository/net/fortytwo/ripple/ripple-rdf/0.7/ripple-rdf-0.7.jar:/Users/rogueleaderr/.m2/repository/net/fortytwo/ripple/ripple-base/0.7/ripple-base-0.7.jar:/Users/rogueleaderr/.m2/repository/net/fortytwo/rdfflow/0.7/rdfflow-0.7.jar:/Users/rogueleaderr/.m2/repository/net/fortytwo/flow/0.7/flow-0.7.jar:/Users/rogueleaderr/.m2/repository/org/openrdf/sesame/sesame-rio-n3/2.4.2/sesame-rio-n3-2.4.2.jar:/Users/rogueleaderr/.m2/repository/org/openrdf/sesame/sesame-rio-rdfxml/2.4.2/sesame-rio-rdfxml-2.4.2.jar:/Users/rogueleaderr/.m2/repository/org/openrdf/sesame/sesame-rio-trig/2.4.2/sesame-rio-trig-2.4.2.jar:/Users/rogueleaderr/.m2/repository/org/openrdf/sesame/sesame-rio-trix/2.4.2/sesame-rio-trix-2.4.2.jar:/Users/rogueleaderr/.m2/repository/org/openrdf/sesame/sesame-rio-turtle/2.4.2/sesame-rio-turtle-2.4.2.jar:/Users/rogueleaderr/.m2/repository/commons-httpclient/commons-httpclient/3.1/commons-httpclient-3.1.jar:/Users/rogueleaderr/.m2/repository/commons-logging/commons-logging/1.0.4/commons-logging-1.0.4.jar:/Users/rogueleaderr/.m2/repository/org/restlet/org.restlet/1.0.5/org.restlet-1.0.5.jar:/Users/rogueleaderr/.m2/repository/net/fortytwo/sesametools/nquads/1.6/nquads-1.6.jar:/Users/rogueleaderr/.m2/repository/net/fortytwo/sesametools/reposail/1.6/reposail-1.6.jar:/Users/rogueleaderr/.m2/repository/com/tinkerpop/blueprints/blueprints-neo4jbatch-graph/1.1/blueprints-neo4jbatch-graph-1.1.jar:/Users/rogueleaderr/.m2/repository/com/tinkerpop/blueprints/blueprints-core/1.1/blueprints-core-1.1.jar:/Users/rogueleaderr/.m2/repository/org/codehaus/jettison/jettison/1.3/jettison-1.3.jar:/Users/rogueleaderr/.m2/repository/stax/stax-api/1.0.1/stax-api-1.0.1.jar:/Users/rogueleaderr/.m2/repository/org/codehaus/jackson/jackson-jaxrs/1.8.5/jackson-jaxrs-1.8.5.jar:/Users/rogueleaderr/.m2/repository/org/codehaus/jackson/jackson-core-asl/1.8.5/jackson-core-asl-1.8.5.jar:/Users/rogueleaderr/.m2/repository/org/codehaus/jackson/jackson-mapper-asl/1.8.5/jackson-mapper-asl-1.8.5.jar:"/>
    <property name="java.vm.specification.version" value="1.0"/>
    <property name="sun.arch.data.model" value="64"/>
    <property name="java.home" value="/System/Library/Java/JavaVirtualMachines/1.6.0.jdk/Contents/Home"/>
    <property name="sun.java.command" value="/Users/rogueleaderr/Programming/Java/projects/dbpediaproject/target/surefire/surefirebooter9003684359290203274.jar /Users/rogueleaderr/Programming/Java/projects/dbpediaproject/target/surefire/surefire3176159311252289968tmp /Users/rogueleaderr/Programming/Java/projects/dbpediaproject/target/surefire/surefire7832091317039308575tmp"/>
    <property name="java.specification.vendor" value="Sun Microsystems Inc."/>
    <property name="user.language" value="en"/>
    <property name="awt.toolkit" value="apple.awt.CToolkit"/>
    <property name="java.vm.info" value="mixed mode"/>
    <property name="java.version" value="1.6.0_29"/>
    <property name="java.ext.dirs" value="/Library/Java/Extensions:/System/Library/Java/Extensions:/System/Library/Java/JavaVirtualMachines/1.6.0.jdk/Contents/Home/lib/ext"/>
    <property name="sun.boot.class.path" value="/System/Library/Java/JavaVirtualMachines/1.6.0.jdk/Contents/Classes/jsfd.jar:/System/Library/Java/JavaVirtualMachines/1.6.0.jdk/Contents/Classes/classes.jar:/System/Library/Frameworks/JavaVM.framework/Frameworks/JavaRuntimeSupport.framework/Resources/Java/JavaRuntimeSupport.jar:/System/Library/Java/JavaVirtualMachines/1.6.0.jdk/Contents/Classes/ui.jar:/System/Library/Java/JavaVirtualMachines/1.6.0.jdk/Contents/Classes/laf.jar:/System/Library/Java/JavaVirtualMachines/1.6.0.jdk/Contents/Classes/sunrsasign.jar:/System/Library/Java/JavaVirtualMachines/1.6.0.jdk/Contents/Classes/jsse.jar:/System/Library/Java/JavaVirtualMachines/1.6.0.jdk/Contents/Classes/jce.jar:/System/Library/Java/JavaVirtualMachines/1.6.0.jdk/Contents/Classes/charsets.jar"/>
    <property name="java.vendor" value="Apple Inc."/>
    <property name="localRepository" value="/Users/rogueleaderr/.m2/repository"/>
    <property name="file.separator" value="/"/>
    <property name="java.vendor.url.bug" value="http://bugreport.apple.com/"/>
    <property name="sun.cpu.endian" value="little"/>
    <property name="sun.io.unicode.encoding" value="UnicodeLittle"/>
    <property name="mrj.version" value="1070.1.6.0_29-402"/>
    <property name="socksNonProxyHosts" value="local|*.local|169.254/16|*.169.254/16"/>
    <property name="ftp.nonProxyHosts" value="local|*.local|169.254/16|*.169.254/16"/>
    <property name="sun.cpu.isalist" value=""/>
  </properties>
  <testcase time="0.002" classname="com.hypejet.dbpediaproject.AppTest" name="testApp"/>
</testsuite>